<?xml version="1.0" encoding="UTF-8"?>
<!-- Generated by org.testng.reporters.JUnitReportReporter -->
<testsuite hostname="LAPTOP-C8U1HH9O" failures="0" tests="4" name="testscripts.ManageNewsTest" time="14.871" errors="0" timestamp="2025-08-22T20:26:52 IST" skipped="0">
  <testcase classname="testscripts.ManageNewsTest" name="verifyUserIsAbleToDeleteNews" time="3.376"/>
  <testcase classname="testscripts.ManageNewsTest" name="verifyUserIsAbleToAddNewNews" time="3.933"/>
  <testcase classname="testscripts.ManageNewsTest" name="verifyUserIsAbleToEditNews" time="3.776"/>
  <testcase classname="testscripts.ManageNewsTest" name="verifyUserIsAbleToSearchNews" time="3.786"/>
</testsuite> <!-- testscripts.ManageNewsTest -->
