<?xml version="1.0" encoding="UTF-8"?>
<!-- Generated by org.testng.reporters.JUnitReportReporter -->
<testsuite hostname="LAPTOP-C8U1HH9O" failures="0" tests="4" name="testscripts.LoginTest" time="8.592" errors="0" timestamp="2025-08-22T20:26:52 IST" skipped="0">
  <testcase classname="testscripts.LoginTest" name="verifyUserloginWithInvalidCredentials" time="2.295"/>
  <testcase classname="testscripts.LoginTest" name="verifyUserloginwithValidCredentials" time="2.019"/>
  <testcase classname="testscripts.LoginTest" name="verifyuserLoginwithValidUsernamewithInvalidpassword" time="1.803"/>
  <testcase classname="testscripts.LoginTest" name="verifyUserLoginWithInvalidUsernameWithValidPassword" time="2.475"/>
</testsuite> <!-- testscripts.LoginTest -->
