<?xml version="1.0" encoding="UTF-8"?>
<!-- Generated by org.testng.reporters.JUnitReportReporter -->
<testsuite hostname="LAPTOP-C8U1HH9O" failures="0" tests="1" name="testscripts.HomeTest" time="2.991" errors="0" timestamp="2025-08-22T20:26:52 IST" skipped="0">
  <testcase classname="testscripts.HomeTest" name="verifyUserIsAbletoSuccessfullyLogout" time="2.991"/>
</testsuite> <!-- testscripts.HomeTest -->
