<?xml version="1.0" encoding="UTF-8"?>
<!-- Generated by org.testng.reporters.JUnitReportReporter -->
<testsuite hostname="LAPTOP-C8U1HH9O" failures="0" tests="4" name="testscripts.CategoryTest" time="13.478" errors="0" timestamp="2025-08-22T20:26:52 IST" skipped="0">
  <testcase classname="testscripts.CategoryTest" name="verifyUserIsAbleToDeleteCategory" time="2.896"/>
  <testcase classname="testscripts.CategoryTest" name="verifyUserIsAbleToEditCategory" time="3.564"/>
  <testcase classname="testscripts.CategoryTest" name="addNewCategoryWithValidDetails" time="3.743"/>
  <testcase classname="testscripts.CategoryTest" name="verifyUserIsAbleToSearchCategory" time="3.275"/>
</testsuite> <!-- testscripts.CategoryTest -->
