<?xml version="1.0" encoding="UTF-8"?>
<!-- Generated by org.testng.reporters.JUnitReportReporter -->
<testsuite hostname="LAPTOP-C8U1HH9O" failures="0" tests="4" name="testscripts.CategoryTest" time="17.696" errors="0" timestamp="2025-08-22T19:45:54 IST" skipped="0">
  <testcase classname="testscripts.CategoryTest" name="verifyUserIsAbleToDeleteCategory" time="3.901"/>
  <testcase classname="testscripts.CategoryTest" name="addNewCategoryWithValidDetails" time="4.971"/>
  <testcase classname="testscripts.CategoryTest" name="verifyUserIsAbleToEditCategory" time="4.388"/>
  <testcase classname="testscripts.CategoryTest" name="verifyUserIsAbleToSearchCategory" time="4.436"/>
</testsuite> <!-- testscripts.CategoryTest -->
