<?xml version="1.0" encoding="UTF-8"?>
<!-- Generated by org.testng.reporters.JUnitReportReporter -->
<testsuite hostname="LAPTOP-C8U1HH9O" failures="0" tests="4" name="testscripts.ManageNewsTest" time="18.672" errors="0" timestamp="2025-08-22T19:45:54 IST" skipped="0">
  <testcase classname="testscripts.ManageNewsTest" name="verifyUserIsAbleToAddNewNews" time="4.816"/>
  <testcase classname="testscripts.ManageNewsTest" name="verifyUserIsAbleToEditNews" time="5.172"/>
  <testcase classname="testscripts.ManageNewsTest" name="verifyUserIsAbleToSearchNews" time="4.512"/>
  <testcase classname="testscripts.ManageNewsTest" name="verifyUserIsAbleToDeleteNews" time="4.172"/>
</testsuite> <!-- testscripts.ManageNewsTest -->
