<?xml version="1.0" encoding="UTF-8"?>
<!-- Generated by org.testng.reporters.JUnitReportReporter -->
<testsuite hostname="LAPTOP-C8U1HH9O" failures="0" tests="4" name="testscripts.LoginTest" time="12.374" errors="0" timestamp="2025-08-22T19:45:54 IST" skipped="0">
  <testcase classname="testscripts.LoginTest" name="verifyUserloginwithValidCredentials" time="3.132"/>
  <testcase classname="testscripts.LoginTest" name="verifyUserloginWithInvalidCredentials" time="3.184"/>
  <testcase classname="testscripts.LoginTest" name="verifyUserLoginWithInvalidUsernameWithValidPassword" time="3.014"/>
  <testcase classname="testscripts.LoginTest" name="verifyuserLoginwithValidUsernamewithInvalidpassword" time="3.044"/>
</testsuite> <!-- testscripts.LoginTest -->
